{"E:\\Python\\aws-dynamo-db-test\\index.ts": {"path":"E:\\Python\\aws-dynamo-db-test\\index.ts","statementMap":{"0":{"start":{"line":2,"column":0},"end":{"line":2,"column":26}},"1":{"start":{"line":3,"column":12},"end":{"line":3,"column":93}},"2":{"start":{"line":26,"column":30},"end":{"line":76,"column":1}},"3":{"start":{"line":27,"column":16},"end":{"line":38,"column":20}},"4":{"start":{"line":40,"column":27},"end":{"line":40,"column":29}},"5":{"start":{"line":43,"column":28},"end":{"line":43,"column":33}},"6":{"start":{"line":45,"column":4},"end":{"line":73,"column":56}},"7":{"start":{"line":46,"column":8},"end":{"line":61,"column":null}},"8":{"start":{"line":47,"column":12},"end":{"line":50,"column":15}},"9":{"start":{"line":49,"column":16},"end":{"line":49,"column":null}},"10":{"start":{"line":52,"column":28},"end":{"line":57,"column":null}},"11":{"start":{"line":58,"column":12},"end":{"line":60,"column":null}},"12":{"start":{"line":65,"column":8},"end":{"line":65,"column":null}},"13":{"start":{"line":65,"column":36},"end":{"line":65,"column":53}},"14":{"start":{"line":67,"column":9},"end":{"line":67,"column":71}},"15":{"start":{"line":69,"column":8},"end":{"line":71,"column":null}},"16":{"start":{"line":70,"column":12},"end":{"line":70,"column":17}},"17":{"start":{"line":75,"column":4},"end":{"line":75,"column":22}},"18":{"start":{"line":26,"column":13},"end":{"line":26,"column":30}},"19":{"start":{"line":78,"column":36},"end":{"line":88,"column":1}},"20":{"start":{"line":79,"column":18},"end":{"line":79,"column":23}},"21":{"start":{"line":80,"column":4},"end":{"line":85,"column":7}},"22":{"start":{"line":81,"column":8},"end":{"line":83,"column":null}},"23":{"start":{"line":82,"column":12},"end":{"line":82,"column":27}},"24":{"start":{"line":87,"column":4},"end":{"line":87,"column":19}},"25":{"start":{"line":78,"column":13},"end":{"line":78,"column":36}}},"fnMap":{"0":{"name":"(anonymous_1)","decl":{"start":{"line":26,"column":30},"end":{"line":26,"column":35}},"loc":{"start":{"line":26,"column":68},"end":{"line":76,"column":1}}},"1":{"name":"(anonymous_2)","decl":{"start":{"line":47,"column":58},"end":{"line":47,"column":61}},"loc":{"start":{"line":47,"column":63},"end":{"line":50,"column":13}}},"2":{"name":"(anonymous_3)","decl":{"start":{"line":65,"column":28},"end":{"line":65,"column":29}},"loc":{"start":{"line":65,"column":36},"end":{"line":65,"column":53}}},"3":{"name":"(anonymous_4)","decl":{"start":{"line":78,"column":36},"end":{"line":78,"column":41}},"loc":{"start":{"line":78,"column":100},"end":{"line":88,"column":1}}},"4":{"name":"(anonymous_5)","decl":{"start":{"line":80,"column":19},"end":{"line":80,"column":23}},"loc":{"start":{"line":80,"column":25},"end":{"line":85,"column":5}}}},"branchMap":{"0":{"loc":{"start":{"line":69,"column":8},"end":{"line":71,"column":null}},"type":"if","locations":[{"start":{"line":69,"column":8},"end":{"line":71,"column":null}}]},"1":{"loc":{"start":{"line":81,"column":8},"end":{"line":83,"column":null}},"type":"if","locations":[{"start":{"line":81,"column":8},"end":{"line":83,"column":null}}]}},"s":{"0":1,"1":1,"2":1,"3":1,"4":1,"5":1,"6":1,"7":1,"8":1,"9":0,"10":0,"11":0,"12":0,"13":0,"14":0,"15":0,"16":0,"17":0,"18":1,"19":1,"20":0,"21":0,"22":0,"23":0,"24":0,"25":1},"f":{"0":1,"1":0,"2":0,"3":0,"4":0},"b":{"0":[0],"1":[0]}}
}
